app/build/intermediates/manifest_merge_blame_file/release/manifest-merger-blame-release-report.txt
1<?xml version="1.0" encoding="utf-8"?>
2<manifest xmlns:android="http://schemas.android.com/apk/res/android"
3    package="com.topperthali.mess"
4    android:versionCode="1"
5    android:versionName="1.0.0" >
6
7    <uses-sdk
8        android:minSdkVersion="24"
9        android:targetSdkVersion="34" />
10
11    <uses-permission android:name="android.permission.CAMERA" />
11-->src/main/AndroidManifest.xml:4:5-65
11-->src/main/AndroidManifest.xml:4:22-62
12
13    <uses-feature
13-->src/main/AndroidManifest.xml:5:5-7:35
14        android:name="android.hardware.camera"
14-->src/main/AndroidManifest.xml:6:9-47
15        android:required="true" />
15-->src/main/AndroidManifest.xml:7:9-32
16    <uses-feature
16-->src/main/AndroidManifest.xml:8:5-10:36
17        android:name="android.hardware.camera.autofocus"
17-->src/main/AndroidManifest.xml:9:9-57
18        android:required="false" />
18-->src/main/AndroidManifest.xml:10:9-33
19
20    <uses-permission android:name="android.permission.VIBRATE" />
20-->src/main/AndroidManifest.xml:12:5-66
20-->src/main/AndroidManifest.xml:12:22-63
21    <uses-permission android:name="android.permission.INTERNET" />
21-->src/main/AndroidManifest.xml:13:5-67
21-->src/main/AndroidManifest.xml:13:22-64
22    <uses-permission android:name="android.permission.ACCESS_NETWORK_STATE" />
22-->src/main/AndroidManifest.xml:14:5-79
22-->src/main/AndroidManifest.xml:14:22-76
23
24    <permission
24-->[androidx.core:core:1.12.0] AndroidManifest.xml:22:5-24:47
25        android:name="com.topperthali.mess.DYNAMIC_RECEIVER_NOT_EXPORTED_PERMISSION"
25-->[androidx.core:core:1.12.0] AndroidManifest.xml:23:9-81
26        android:protectionLevel="signature" />
26-->[androidx.core:core:1.12.0] AndroidManifest.xml:24:9-44
27
28    <uses-permission android:name="com.topperthali.mess.DYNAMIC_RECEIVER_NOT_EXPORTED_PERMISSION" />
28-->[androidx.core:core:1.12.0] AndroidManifest.xml:26:5-97
28-->[androidx.core:core:1.12.0] AndroidManifest.xml:26:22-94
29
30    <uses-feature
30-->[com.journeyapps:zxing-android-embedded:4.3.0] AndroidManifest.xml:28:5-30:36
31        android:name="android.hardware.camera.front"
31-->[com.journeyapps:zxing-android-embedded:4.3.0] AndroidManifest.xml:29:9-53
32        android:required="false" />
32-->[com.journeyapps:zxing-android-embedded:4.3.0] AndroidManifest.xml:30:9-33
33    <uses-feature
33-->[com.journeyapps:zxing-android-embedded:4.3.0] AndroidManifest.xml:36:5-38:36
34        android:name="android.hardware.camera.flash"
34-->[com.journeyapps:zxing-android-embedded:4.3.0] AndroidManifest.xml:37:9-53
35        android:required="false" />
35-->[com.journeyapps:zxing-android-embedded:4.3.0] AndroidManifest.xml:38:9-33
36    <uses-feature
36-->[com.journeyapps:zxing-android-embedded:4.3.0] AndroidManifest.xml:39:5-41:36
37        android:name="android.hardware.screen.landscape"
37-->[com.journeyapps:zxing-android-embedded:4.3.0] AndroidManifest.xml:40:9-57
38        android:required="false" />
38-->[com.journeyapps:zxing-android-embedded:4.3.0] AndroidManifest.xml:41:9-33
39    <uses-feature
39-->[com.journeyapps:zxing-android-embedded:4.3.0] AndroidManifest.xml:42:5-44:36
40        android:name="android.hardware.wifi"
40-->[com.journeyapps:zxing-android-embedded:4.3.0] AndroidManifest.xml:43:9-45
41        android:required="false" />
41-->[com.journeyapps:zxing-android-embedded:4.3.0] AndroidManifest.xml:44:9-33
42
43    <application
43-->src/main/AndroidManifest.xml:16:5-48:19
44        android:allowBackup="true"
44-->src/main/AndroidManifest.xml:17:9-35
45        android:appComponentFactory="androidx.core.app.CoreComponentFactory"
45-->[androidx.core:core:1.12.0] AndroidManifest.xml:28:18-86
46        android:extractNativeLibs="false"
47        android:icon="@android:drawable/sym_def_app_icon"
47-->src/main/AndroidManifest.xml:18:9-58
48        android:label="@string/app_name"
48-->src/main/AndroidManifest.xml:19:9-41
49        android:supportsRtl="true"
49-->src/main/AndroidManifest.xml:20:9-35
50        android:theme="@style/Theme.TopperThaliMess" >
50-->src/main/AndroidManifest.xml:21:9-53
51        <activity
51-->src/main/AndroidManifest.xml:23:9-31:20
52            android:name="com.topperthali.mess.MainActivity"
52-->src/main/AndroidManifest.xml:24:13-41
53            android:exported="true"
53-->src/main/AndroidManifest.xml:25:13-36
54            android:screenOrientation="portrait" >
54-->src/main/AndroidManifest.xml:26:13-49
55            <intent-filter>
55-->src/main/AndroidManifest.xml:27:13-30:29
56                <action android:name="android.intent.action.MAIN" />
56-->src/main/AndroidManifest.xml:28:17-69
56-->src/main/AndroidManifest.xml:28:25-66
57
58                <category android:name="android.intent.category.LAUNCHER" />
58-->src/main/AndroidManifest.xml:29:17-77
58-->src/main/AndroidManifest.xml:29:27-74
59            </intent-filter>
60        </activity>
61        <activity
61-->src/main/AndroidManifest.xml:33:9-36:52
62            android:name="com.topperthali.mess.ui.students.AddStudentActivity"
62-->src/main/AndroidManifest.xml:34:13-59
63            android:exported="false"
63-->src/main/AndroidManifest.xml:35:13-37
64            android:screenOrientation="portrait" />
64-->src/main/AndroidManifest.xml:36:13-49
65        <activity
65-->src/main/AndroidManifest.xml:38:9-41:52
66            android:name="com.topperthali.mess.ui.students.StudentListActivity"
66-->src/main/AndroidManifest.xml:39:13-60
67            android:exported="false"
67-->src/main/AndroidManifest.xml:40:13-37
68            android:screenOrientation="portrait" />
68-->src/main/AndroidManifest.xml:41:13-49
69        <activity
69-->src/main/AndroidManifest.xml:43:9-46:52
70            android:name="com.topperthali.mess.ui.students.StudentDetailActivity"
70-->src/main/AndroidManifest.xml:44:13-62
71            android:exported="false"
71-->src/main/AndroidManifest.xml:45:13-37
72            android:screenOrientation="portrait" />
72-->src/main/AndroidManifest.xml:46:13-49
73
74        <provider
74-->[androidx.emoji2:emoji2:1.2.0] AndroidManifest.xml:24:9-32:20
75            android:name="androidx.startup.InitializationProvider"
75-->[androidx.emoji2:emoji2:1.2.0] AndroidManifest.xml:25:13-67
76            android:authorities="com.topperthali.mess.androidx-startup"
76-->[androidx.emoji2:emoji2:1.2.0] AndroidManifest.xml:26:13-68
77            android:exported="false" >
77-->[androidx.emoji2:emoji2:1.2.0] AndroidManifest.xml:27:13-37
78            <meta-data
78-->[androidx.emoji2:emoji2:1.2.0] AndroidManifest.xml:29:13-31:52
79                android:name="androidx.emoji2.text.EmojiCompatInitializer"
79-->[androidx.emoji2:emoji2:1.2.0] AndroidManifest.xml:30:17-75
80                android:value="androidx.startup" />
80-->[androidx.emoji2:emoji2:1.2.0] AndroidManifest.xml:31:17-49
81            <meta-data
81-->[androidx.lifecycle:lifecycle-process:2.7.0] AndroidManifest.xml:29:13-31:52
82                android:name="androidx.lifecycle.ProcessLifecycleInitializer"
82-->[androidx.lifecycle:lifecycle-process:2.7.0] AndroidManifest.xml:30:17-78
83                android:value="androidx.startup" />
83-->[androidx.lifecycle:lifecycle-process:2.7.0] AndroidManifest.xml:31:17-49
84            <meta-data
84-->[androidx.profileinstaller:profileinstaller:1.3.0] AndroidManifest.xml:29:13-31:52
85                android:name="androidx.profileinstaller.ProfileInstallerInitializer"
85-->[androidx.profileinstaller:profileinstaller:1.3.0] AndroidManifest.xml:30:17-85
86                android:value="androidx.startup" />
86-->[androidx.profileinstaller:profileinstaller:1.3.0] AndroidManifest.xml:31:17-49
87        </provider>
88
89        <service
89-->[androidx.room:room-runtime:2.6.1] AndroidManifest.xml:24:9-28:63
90            android:name="androidx.room.MultiInstanceInvalidationService"
90-->[androidx.room:room-runtime:2.6.1] AndroidManifest.xml:25:13-74
91            android:directBootAware="true"
91-->[androidx.room:room-runtime:2.6.1] AndroidManifest.xml:26:13-43
92            android:exported="false" />
92-->[androidx.room:room-runtime:2.6.1] AndroidManifest.xml:27:13-37
93
94        <receiver
94-->[androidx.profileinstaller:profileinstaller:1.3.0] AndroidManifest.xml:34:9-52:20
95            android:name="androidx.profileinstaller.ProfileInstallReceiver"
95-->[androidx.profileinstaller:profileinstaller:1.3.0] AndroidManifest.xml:35:13-76
96            android:directBootAware="false"
96-->[androidx.profileinstaller:profileinstaller:1.3.0] AndroidManifest.xml:36:13-44
97            android:enabled="true"
97-->[androidx.profileinstaller:profileinstaller:1.3.0] AndroidManifest.xml:37:13-35
98            android:exported="true"
98-->[androidx.profileinstaller:profileinstaller:1.3.0] AndroidManifest.xml:38:13-36
99            android:permission="android.permission.DUMP" >
99-->[androidx.profileinstaller:profileinstaller:1.3.0] AndroidManifest.xml:39:13-57
100            <intent-filter>
100-->[androidx.profileinstaller:profileinstaller:1.3.0] AndroidManifest.xml:40:13-42:29
101                <action android:name="androidx.profileinstaller.action.INSTALL_PROFILE" />
101-->[androidx.profileinstaller:profileinstaller:1.3.0] AndroidManifest.xml:41:17-91
101-->[androidx.profileinstaller:profileinstaller:1.3.0] AndroidManifest.xml:41:25-88
102            </intent-filter>
103            <intent-filter>
103-->[androidx.profileinstaller:profileinstaller:1.3.0] AndroidManifest.xml:43:13-45:29
104                <action android:name="androidx.profileinstaller.action.SKIP_FILE" />
104-->[androidx.profileinstaller:profileinstaller:1.3.0] AndroidManifest.xml:44:17-85
104-->[androidx.profileinstaller:profileinstaller:1.3.0] AndroidManifest.xml:44:25-82
105            </intent-filter>
106            <intent-filter>
106-->[androidx.profileinstaller:profileinstaller:1.3.0] AndroidManifest.xml:46:13-48:29
107                <action android:name="androidx.profileinstaller.action.SAVE_PROFILE" />
107-->[androidx.profileinstaller:profileinstaller:1.3.0] AndroidManifest.xml:47:17-88
107-->[androidx.profileinstaller:profileinstaller:1.3.0] AndroidManifest.xml:47:25-85
108            </intent-filter>
109            <intent-filter>
109-->[androidx.profileinstaller:profileinstaller:1.3.0] AndroidManifest.xml:49:13-51:29
110                <action android:name="androidx.profileinstaller.action.BENCHMARK_OPERATION" />
110-->[androidx.profileinstaller:profileinstaller:1.3.0] AndroidManifest.xml:50:17-95
110-->[androidx.profileinstaller:profileinstaller:1.3.0] AndroidManifest.xml:50:25-92
111            </intent-filter>
112        </receiver>
113
114        <activity
114-->[com.journeyapps:zxing-android-embedded:4.3.0] AndroidManifest.xml:47:9-53:63
115            android:name="com.journeyapps.barcodescanner.CaptureActivity"
115-->[com.journeyapps:zxing-android-embedded:4.3.0] AndroidManifest.xml:48:13-74
116            android:clearTaskOnLaunch="true"
116-->[com.journeyapps:zxing-android-embedded:4.3.0] AndroidManifest.xml:49:13-45
117            android:screenOrientation="sensorLandscape"
117-->[com.journeyapps:zxing-android-embedded:4.3.0] AndroidManifest.xml:50:13-56
118            android:stateNotNeeded="true"
118-->[com.journeyapps:zxing-android-embedded:4.3.0] AndroidManifest.xml:51:13-42
119            android:theme="@style/zxing_CaptureTheme"
119-->[com.journeyapps:zxing-android-embedded:4.3.0] AndroidManifest.xml:52:13-54
120            android:windowSoftInputMode="stateAlwaysHidden" />
120-->[com.journeyapps:zxing-android-embedded:4.3.0] AndroidManifest.xml:53:13-60
121    </application>
122
123</manifest>